<?xml version="1.0" encoding="UTF-8"?>
<!-- Generated by org.testng.reporters.JUnitReportReporter -->
<testsuite skipped="0" hostname="LAPTOP-Q0SMAAFT" name="Testcases.Testcases_shd_test" tests="2" failures="0" timestamp="26 Oct 2021 05:14:04 GMT" time="66.505" errors="0">
  <testcase name="mothertongueverificationmarathi" time="30.330" classname="Testcases.Testcases_shd_test"/>
  <testcase name="mothertongueverificationgujarati" time="36.175" classname="Testcases.Testcases_shd_test"/>
</testsuite> <!-- Testcases.Testcases_shd_test -->
