<?xml version="1.0" encoding="UTF-8"?>
<!-- Generated by org.testng.reporters.JUnitReportReporter -->
<testsuite skipped="0" hostname="LAPTOP-Q0SMAAFT" name="Testcases.Testcases_shd_test" tests="2" failures="0" timestamp="25 Oct 2021 13:07:10 GMT" time="96.592" errors="0">
  <testcase name="mothertongueverificationmarathi" time="43.146" classname="Testcases.Testcases_shd_test"/>
  <testcase name="mothertongueverificationgujarati" time="53.446" classname="Testcases.Testcases_shd_test"/>
</testsuite> <!-- Testcases.Testcases_shd_test -->
