<?xml version="1.0" encoding="UTF-8"?>
<!-- Generated by org.testng.reporters.JUnitReportReporter -->
<testsuite skipped="0" hostname="LAPTOP-Q0SMAAFT" name="Testcases.Testcases_shd_test" tests="2" failures="0" timestamp="25 Oct 2021 15:12:56 GMT" time="90.610" errors="0">
  <testcase name="mothertongueverificationmarathi" time="51.743" classname="Testcases.Testcases_shd_test"/>
  <testcase name="mothertongueverificationgujarati" time="38.867" classname="Testcases.Testcases_shd_test"/>
</testsuite> <!-- Testcases.Testcases_shd_test -->
