<?xml version="1.0" encoding="UTF-8"?>
<!-- Generated by org.testng.reporters.JUnitReportReporter -->
<testsuite skipped="0" hostname="LAPTOP-Q0SMAAFT" name="Testcases.Testcases_shd_test" tests="2" failures="0" timestamp="27 Oct 2021 10:58:59 GMT" time="109.608" errors="0">
  <testcase name="mothertongueverificationmarathi" time="50.525" classname="Testcases.Testcases_shd_test"/>
  <testcase name="mothertongueverificationgujarati" time="59.083" classname="Testcases.Testcases_shd_test"/>
</testsuite> <!-- Testcases.Testcases_shd_test -->
